<?xml version="1.0" encoding="UTF-8"?>
<!-- Generated by org.testng.reporters.JUnitXMLReporter -->
<testsuite ignored="4" hostname="DESKTOP-MI2O9VD" failures="0" tests="2" name="FunctionalTesting" time="49.308" errors="0" timestamp="2021-07-18T21:08:43 IST">
  <testcase classname="TestSuite.FindBookShelvesTest" name="smokeTests" time="7.448"/>
  <testcase classname="TestSuite.regressionTesting" name="regressionTest" time="41.785"/>
  <testcase classname="Base.Base" name="@BeforeSuite driversetup" time="0.0">
    <ignored/>
  </testcase> <!-- @BeforeSuite driversetup -->
  <testcase classname="Base.Base" name="@BeforeSuite driversetup" time="0.0">
    <ignored/>
  </testcase> <!-- @BeforeSuite driversetup -->
  <testcase classname="Base.Base" name="@AfterSuite teadDown" time="0.0">
    <ignored/>
  </testcase> <!-- @AfterSuite teadDown -->
  <testcase classname="Base.Base" name="@AfterSuite teadDown" time="0.0">
    <ignored/>
  </testcase> <!-- @AfterSuite teadDown -->
</testsuite> <!-- FunctionalTesting -->
