<?xml version="1.0" encoding="UTF-8"?>
<testng-results ignored="4" total="6" passed="2" failed="0" skipped="0">
  <reporter-output>
  </reporter-output>
  <suite started-at="2021-07-18T21:07:53 IST" name="BookshelveTesting" finished-at="2021-07-18T21:08:43 IST" duration-ms="49308">
    <groups>
    </groups>
    <test started-at="2021-07-18T21:07:53 IST" name="FunctionalTesting" finished-at="2021-07-18T21:08:43 IST" duration-ms="49308">
      <class name="TestSuite.FindBookShelvesTest">
        <test-method signature="smokeTests()[pri:0, instance:TestSuite.FindBookShelvesTest@101952da]" started-at="2021-07-18T21:07:53 IST" name="smokeTests" finished-at="2021-07-18T21:08:01 IST" duration-ms="7448" status="PASS">
          <reporter-output>
          </reporter-output>
        </test-method> <!-- smokeTests -->
      </class> <!-- TestSuite.FindBookShelvesTest -->
      <class name="TestSuite.regressionTesting">
        <test-method signature="regressionTest()[pri:0, instance:TestSuite.regressionTesting@6babf3bf]" started-at="2021-07-18T21:08:01 IST" name="regressionTest" finished-at="2021-07-18T21:08:43 IST" duration-ms="41785" status="PASS">
          <reporter-output>
          </reporter-output>
        </test-method> <!-- regressionTest -->
      </class> <!-- TestSuite.regressionTesting -->
      <class name="Base.Base">
        <test-method is-config="true" signature="driversetup()[pri:0, instance:Base.Base@6d3a388c]" started-at="2021-07-18T21:07:50 IST" name="driversetup" finished-at="2021-07-18T21:07:53 IST" duration-ms="3154" status="PASS">
          <reporter-output>
          </reporter-output>
        </test-method> <!-- driversetup -->
        <test-method is-config="true" signature="teadDown()[pri:0, instance:Base.Base@6d3a388c]" started-at="2021-07-18T21:08:43 IST" name="teadDown" finished-at="2021-07-18T21:08:44 IST" duration-ms="1016" status="PASS">
          <reporter-output>
          </reporter-output>
        </test-method> <!-- teadDown -->
      </class> <!-- Base.Base -->
    </test> <!-- FunctionalTesting -->
  </suite> <!-- BookshelveTesting -->
</testng-results>
