<?xml version="1.0" encoding="UTF-8"?>
<testng-results ignored="4" total="6" passed="2" failed="0" skipped="0">
  <reporter-output>
  </reporter-output>
  <suite started-at="2021-08-06T14:15:18Z" name="BookshelveTesting" finished-at="2021-08-06T14:16:05Z" duration-ms="46924">
    <groups>
    </groups>
    <test started-at="2021-08-06T14:15:18Z" name="FunctionalTesting" finished-at="2021-08-06T14:16:05Z" duration-ms="46924">
      <class name="TestSuite.regressionTesting">
        <test-method signature="regressionTest()[pri:0, instance:TestSuite.regressionTesting@4d9e68d0]" started-at="2021-08-06T14:15:26Z" name="regressionTest" finished-at="2021-08-06T14:16:05Z" duration-ms="39204" status="PASS">
          <reporter-output>
          </reporter-output>
        </test-method> <!-- regressionTest -->
      </class> <!-- TestSuite.regressionTesting -->
      <class name="TestSuite.FindBookShelvesTest">
        <test-method signature="smokeTests()[pri:0, instance:TestSuite.FindBookShelvesTest@1d9b7cce]" started-at="2021-08-06T14:15:18Z" name="smokeTests" finished-at="2021-08-06T14:15:26Z" duration-ms="7692" status="PASS">
          <reporter-output>
          </reporter-output>
        </test-method> <!-- smokeTests -->
      </class> <!-- TestSuite.FindBookShelvesTest -->
      <class name="Base.Base">
        <test-method is-config="true" signature="driversetup()[pri:0, instance:Base.Base@7334aada]" started-at="2021-08-06T14:15:13Z" name="driversetup" finished-at="2021-08-06T14:15:18Z" duration-ms="4916" status="PASS">
          <reporter-output>
          </reporter-output>
        </test-method> <!-- driversetup -->
        <test-method is-config="true" signature="teadDown()[pri:0, instance:Base.Base@7334aada]" started-at="2021-08-06T14:16:05Z" name="teadDown" finished-at="2021-08-06T14:16:06Z" duration-ms="677" status="PASS">
          <reporter-output>
          </reporter-output>
        </test-method> <!-- teadDown -->
      </class> <!-- Base.Base -->
    </test> <!-- FunctionalTesting -->
  </suite> <!-- BookshelveTesting -->
</testng-results>
