<?xml version="1.0" encoding="UTF-8"?>
<!-- Generated by org.testng.reporters.JUnitXMLReporter -->
<testsuite ignored="4" hostname="DESKTOP-MI2O9VD" failures="0" tests="2" name="FunctionalTesting" time="46.924" errors="0" timestamp="06 Aug 2021 14:16:05 GMT">
  <testcase classname="TestSuite.FindBookShelvesTest" name="smokeTests" time="7.692"/>
  <testcase classname="TestSuite.regressionTesting" name="regressionTest" time="39.204"/>
  <testcase classname="Base.Base" name="@BeforeSuite driversetup" time="0.0">
    <ignored/>
  </testcase> <!-- @BeforeSuite driversetup -->
  <testcase classname="Base.Base" name="@BeforeSuite driversetup" time="0.0">
    <ignored/>
  </testcase> <!-- @BeforeSuite driversetup -->
  <testcase classname="Base.Base" name="@AfterSuite teadDown" time="0.0">
    <ignored/>
  </testcase> <!-- @AfterSuite teadDown -->
  <testcase classname="Base.Base" name="@AfterSuite teadDown" time="0.0">
    <ignored/>
  </testcase> <!-- @AfterSuite teadDown -->
</testsuite> <!-- FunctionalTesting -->
